NotePad-master/app/build/intermediates/manifest_merge_blame_file/debug/manifest-merger-blame-debug-report.txt
1<?xml version="1.0" encoding="utf-8"?>
2<manifest xmlns:android="http://schemas.android.com/apk/res/android"
3    package="com.suxianpeng.notepad"
4    android:versionCode="1"
5    android:versionName="1.0" >
6
7    <uses-sdk
8        android:minSdkVersion="15"
8-->src\main\AndroidManifest.xml
9        android:targetSdkVersion="29" />
9-->src\main\AndroidManifest.xml
10
11    <application
11-->src\main\AndroidManifest.xml:6:5-137:19
12        android:appComponentFactory="androidx.core.app.CoreComponentFactory"
12-->[androidx.core:core:1.0.1] AndroidManifest.xml:22:18-86
13        android:debuggable="true"
14        android:icon="@drawable/app_notes"
14-->src\main\AndroidManifest.xml:7:9-43
15        android:label="@string/app_name"
15-->src\main\AndroidManifest.xml:8:9-41
16        android:testOnly="true" >
17        <provider
17-->src\main\AndroidManifest.xml:11:9-16:20
18            android:name="com.example.android.notepad.NotePadProvider"
18-->src\main\AndroidManifest.xml:12:13-44
19            android:authorities="com.google.provider.NotePad"
19-->src\main\AndroidManifest.xml:13:13-62
20            android:exported="false" >
20-->src\main\AndroidManifest.xml:14:13-37
21            <grant-uri-permission android:pathPattern=".*" />
21-->src\main\AndroidManifest.xml:15:13-62
21-->src\main\AndroidManifest.xml:15:35-59
22        </provider>
23
24        <activity
24-->src\main\AndroidManifest.xml:18:9-42:20
25            android:name="com.example.android.notepad.NotesList"
25-->src\main\AndroidManifest.xml:19:13-38
26            android:label="@string/title_notes_list" >
26-->src\main\AndroidManifest.xml:20:13-53
27            <intent-filter>
27-->src\main\AndroidManifest.xml:21:13-25:29
28                <action android:name="android.intent.action.MAIN" />
28-->src\main\AndroidManifest.xml:22:17-69
28-->src\main\AndroidManifest.xml:22:25-66
29
30                <category android:name="android.intent.category.LAUNCHER" />
30-->src\main\AndroidManifest.xml:24:17-77
30-->src\main\AndroidManifest.xml:24:27-74
31            </intent-filter>
32            <intent-filter>
32-->src\main\AndroidManifest.xml:26:13-34:29
33                <action android:name="android.intent.action.VIEW" />
33-->src\main\AndroidManifest.xml:27:17-69
33-->src\main\AndroidManifest.xml:27:25-66
34                <action android:name="android.intent.action.EDIT" />
34-->src\main\AndroidManifest.xml:28:17-69
34-->src\main\AndroidManifest.xml:28:25-66
35                <action android:name="android.intent.action.PICK" />
35-->src\main\AndroidManifest.xml:29:17-69
35-->src\main\AndroidManifest.xml:29:25-66
36
37                <category android:name="android.intent.category.DEFAULT" />
37-->src\main\AndroidManifest.xml:31:17-76
37-->src\main\AndroidManifest.xml:31:27-73
38
39                <data android:mimeType="vnd.android.cursor.dir/vnd.google.note" />
39-->src\main\AndroidManifest.xml:33:17-83
39-->src\main\AndroidManifest.xml:33:23-80
40            </intent-filter>
41            <intent-filter>
41-->src\main\AndroidManifest.xml:35:13-41:29
42                <action android:name="android.intent.action.GET_CONTENT" />
42-->src\main\AndroidManifest.xml:36:17-76
42-->src\main\AndroidManifest.xml:36:25-73
43
44                <category android:name="android.intent.category.DEFAULT" />
44-->src\main\AndroidManifest.xml:31:17-76
44-->src\main\AndroidManifest.xml:31:27-73
45
46                <data android:mimeType="vnd.android.cursor.item/vnd.google.note" />
46-->src\main\AndroidManifest.xml:33:17-83
46-->src\main\AndroidManifest.xml:33:23-80
47            </intent-filter>
48        </activity>
49        <activity
49-->src\main\AndroidManifest.xml:43:9-79:20
50            android:name="com.example.android.notepad.NoteEditor"
50-->src\main\AndroidManifest.xml:44:13-39
51            android:configChanges="keyboardHidden|orientation"
51-->src\main\AndroidManifest.xml:45:13-63
52            android:screenOrientation="sensor"
52-->src\main\AndroidManifest.xml:46:13-47
53            android:theme="@android:style/Theme.Holo.Light" >
53-->src\main\AndroidManifest.xml:47:13-60
54
55            <!--
56                 This filter says that we can view or edit the data of
57                 a single note
58            -->
59            <intent-filter android:label="@string/resolve_edit" >
59-->src\main\AndroidManifest.xml:53:13-63:29
59-->src\main\AndroidManifest.xml:54:17-53
60                <action android:name="android.intent.action.VIEW" />
60-->src\main\AndroidManifest.xml:27:17-69
60-->src\main\AndroidManifest.xml:27:25-66
61                <action android:name="android.intent.action.EDIT" />
61-->src\main\AndroidManifest.xml:28:17-69
61-->src\main\AndroidManifest.xml:28:25-66
62                <action android:name="com.android.notepad.action.EDIT_NOTE" />
62-->src\main\AndroidManifest.xml:58:17-79
62-->src\main\AndroidManifest.xml:58:25-76
63
64                <category android:name="android.intent.category.DEFAULT" />
64-->src\main\AndroidManifest.xml:31:17-76
64-->src\main\AndroidManifest.xml:31:27-73
65
66                <data android:mimeType="vnd.android.cursor.item/vnd.google.note" />
66-->src\main\AndroidManifest.xml:33:17-83
66-->src\main\AndroidManifest.xml:33:23-80
67            </intent-filter>
68
69            <!--
70                 This filter says that we can create a new note inside
71                 of a directory of notes.  The INSERT action creates an
72                 empty note; the PASTE action initializes a new note from
73                 the current contents of the clipboard.
74            -->
75            <intent-filter>
75-->src\main\AndroidManifest.xml:71:13-78:29
76                <action android:name="android.intent.action.INSERT" />
76-->src\main\AndroidManifest.xml:72:17-71
76-->src\main\AndroidManifest.xml:72:25-68
77                <action android:name="android.intent.action.PASTE" />
77-->src\main\AndroidManifest.xml:73:17-70
77-->src\main\AndroidManifest.xml:73:25-67
78
79                <category android:name="android.intent.category.DEFAULT" />
79-->src\main\AndroidManifest.xml:31:17-76
79-->src\main\AndroidManifest.xml:31:27-73
80
81                <data android:mimeType="vnd.android.cursor.dir/vnd.google.note" />
81-->src\main\AndroidManifest.xml:33:17-83
81-->src\main\AndroidManifest.xml:33:23-80
82            </intent-filter>
83        </activity>
84        <activity
84-->src\main\AndroidManifest.xml:80:9-116:20
85            android:name="com.example.android.notepad.TitleEditor"
85-->src\main\AndroidManifest.xml:81:13-40
86            android:icon="@drawable/ic_menu_edit"
86-->src\main\AndroidManifest.xml:82:13-50
87            android:label="@string/title_edit_title"
87-->src\main\AndroidManifest.xml:83:13-53
88            android:theme="@android:style/Theme.Holo.Dialog"
88-->src\main\AndroidManifest.xml:84:13-61
89            android:windowSoftInputMode="stateVisible" >
89-->src\main\AndroidManifest.xml:85:13-55
90
91            <!--
92                 This activity implements an alternative action that can be
93                 performed on notes: editing their title.  It can be used as
94                 a default operation if the user invokes this action, and is
95                 available as an alternative action for any note data.
96            -->
97            <intent-filter android:label="@string/resolve_title" >
97-->src\main\AndroidManifest.xml:93:13-115:29
97-->src\main\AndroidManifest.xml:93:28-65
98
99                <!--
100                     This is the action we perform.  It is a custom action we
101                     define for our application, not a generic VIEW or EDIT
102                     action since we are not a general note viewer/editor.
103                -->
104                <action android:name="com.android.notepad.action.EDIT_TITLE" />
104-->src\main\AndroidManifest.xml:100:17-80
104-->src\main\AndroidManifest.xml:100:25-77
105                <!-- DEFAULT: execute if being directly invoked. -->
106                <category android:name="android.intent.category.DEFAULT" />
106-->src\main\AndroidManifest.xml:31:17-76
106-->src\main\AndroidManifest.xml:31:27-73
107                <!--
108                     ALTERNATIVE: show as an alternative action when the user is
109                     working with this type of data.
110                -->
111                <category android:name="android.intent.category.ALTERNATIVE" />
111-->src\main\AndroidManifest.xml:107:17-80
111-->src\main\AndroidManifest.xml:107:27-77
112                <!--
113                     SELECTED_ALTERNATIVE: show as an alternative action the user
114                     can perform when selecting this type of data.
115                -->
116                <category android:name="android.intent.category.SELECTED_ALTERNATIVE" />
116-->src\main\AndroidManifest.xml:112:17-89
116-->src\main\AndroidManifest.xml:112:27-86
117                <!-- This is the data type we operate on. -->
118                <data android:mimeType="vnd.android.cursor.item/vnd.google.note" />
118-->src\main\AndroidManifest.xml:33:17-83
118-->src\main\AndroidManifest.xml:33:23-80
119            </intent-filter>
120        </activity>
121        <activity
121-->src\main\AndroidManifest.xml:117:9-126:20
122            android:name="com.example.android.notepad.NotesLiveFolder"
122-->src\main\AndroidManifest.xml:118:13-44
123            android:icon="@drawable/live_folder_notes"
123-->src\main\AndroidManifest.xml:119:13-55
124            android:label="@string/live_folder_name" >
124-->src\main\AndroidManifest.xml:120:13-53
125            <intent-filter>
125-->src\main\AndroidManifest.xml:121:13-125:29
126                <action android:name="android.intent.action.CREATE_LIVE_FOLDER" />
126-->src\main\AndroidManifest.xml:122:17-83
126-->src\main\AndroidManifest.xml:122:25-80
127
128                <category android:name="android.intent.category.DEFAULT" />
128-->src\main\AndroidManifest.xml:31:17-76
128-->src\main\AndroidManifest.xml:31:27-73
129            </intent-filter>
130        </activity>
131        <activity
131-->src\main\AndroidManifest.xml:128:9-136:20
132            android:name="com.example.android.notepad.SearchActivity"
132-->src\main\AndroidManifest.xml:128:19-49
133            android:icon="@drawable/live_folder_notes"
133-->src\main\AndroidManifest.xml:129:13-55
134            android:label="@string/live_folder_name" >
134-->src\main\AndroidManifest.xml:130:13-53
135            <intent-filter>
135-->src\main\AndroidManifest.xml:121:13-125:29
136                <action android:name="android.intent.action.CREATE_LIVE_FOLDER" />
136-->src\main\AndroidManifest.xml:122:17-83
136-->src\main\AndroidManifest.xml:122:25-80
137
138                <category android:name="android.intent.category.DEFAULT" />
138-->src\main\AndroidManifest.xml:31:17-76
138-->src\main\AndroidManifest.xml:31:27-73
139            </intent-filter>
140        </activity>
141    </application>
142
143</manifest>